<?xml version="1.0" encoding="UTF-8"?>
<!-- Generated by org.testng.reporters.JUnitReportReporter -->
<testsuite hostname="Sandhya" failures="0" tests="1" name="testng.JRITestScenario_002" time="15.277" errors="0" timestamp="2022-12-24T12:59:08 CST" skipped="0">
  <testcase classname="testng.JRITestScenario_002" name="jri" time="15.277"/>
  <system-out/>
</testsuite> <!-- testng.JRITestScenario_002 -->
