<?xml version="1.0" encoding="UTF-8"?>
<!-- Generated by org.testng.reporters.JUnitReportReporter -->
<testsuite hostname="Sandhya" failures="0" tests="4" name="testng.BlazeApp" time="18.658" errors="0" timestamp="2022-12-29T10:20:43 CST" skipped="0">
  <testcase classname="testng.BlazeApp" name="page3" time="1.077"/>
  <system-out/>
  <testcase classname="testng.BlazeApp" name="homePage" time="7.189"/>
  <system-out/>
  <testcase classname="testng.BlazeApp" name="page2" time="5.343"/>
  <system-out/>
  <testcase classname="testng.BlazeApp" name="page4" time="5.049"/>
  <system-out/>
</testsuite> <!-- testng.BlazeApp -->
