<?xml version="1.0" encoding="UTF-8"?>
<!-- Generated by org.testng.reporters.JUnitReportReporter -->
<testsuite hostname="Sandhya" failures="0" tests="1" name="testng.FacebookLogin" time="42.902" errors="0" timestamp="2022-12-23T17:53:22 CST" skipped="0">
  <testcase classname="testng.FacebookLogin" name="f" time="42.902"/>
  <system-out/>
</testsuite> <!-- testng.FacebookLogin -->
