<?xml version="1.0" encoding="UTF-8"?>
<!-- Generated by org.testng.reporters.JUnitReportReporter -->
<testsuite hostname="Sandhya" failures="0" tests="1" name="testng.CalenderUI" time="10.398" errors="0" timestamp="2022-12-29T10:20:43 CST" skipped="0">
  <testcase classname="testng.CalenderUI" name="selectCalender" time="10.398"/>
  <system-out/>
</testsuite> <!-- testng.CalenderUI -->
