<?xml version="1.0" encoding="UTF-8"?>
<!-- Generated by org.testng.reporters.JUnitReportReporter -->
<testsuite hostname="Sandhya" failures="0" tests="6" name="testng.TS_001" time="27.279" errors="0" timestamp="2022-12-25T13:55:58 CST" skipped="0">
  <testcase classname="testng.TS_001" name="TC_006" time="0.225"/>
  <system-out/>
  <testcase classname="testng.TS_001" name="TC_009" time="7.756"/>
  <system-out/>
  <testcase classname="testng.TS_001" name="TC_008" time="5.027"/>
  <system-out/>
  <testcase classname="testng.TS_001" name="TC_005" time="0.127"/>
  <system-out/>
  <testcase classname="testng.TS_001" name="TC_007" time="0.115"/>
  <system-out/>
  <testcase classname="testng.TS_001" name="TC_004" time="14.029"/>
  <system-out/>
</testsuite> <!-- testng.TS_001 -->
